<?xml version="1.0" encoding="UTF-8"?>
<!-- Generated by org.testng.reporters.JUnitReportReporter -->
<testsuite hostname="DESKTOP-4L6GNS3" failures="0" tests="2" name="thirdtesting.testnewgen" time="0.027" errors="0" timestamp="2024-10-22T10:16:03 IST" skipped="0">
  <testcase classname="thirdtesting.testnewgen" name="login" time="0.022"/>
  <system-out/>
  <testcase classname="thirdtesting.testnewgen" name="openapp" time="0.005"/>
  <system-out/>
</testsuite> <!-- thirdtesting.testnewgen -->
